<?xml version="1.0" encoding="UTF-8"?>
<coverage generated="1669878911088" clover="3.2.0">
  <project timestamp="1669878911088" name="All files">
    <metrics statements="67" coveredstatements="67" conditionals="17" coveredconditionals="17" methods="13" coveredmethods="13" elements="97" coveredelements="97" complexity="0" loc="67" ncloc="67" packages="1" files="4" classes="4"/>
    <file name="ComplexNumber.js" path="/Users/brianmcfadden/Dev/GitHub/cosc520-project/assets/js/ComplexNumber.js">
      <metrics statements="10" coveredstatements="10" conditionals="2" coveredconditionals="2" methods="5" coveredmethods="5"/>
      <line num="31" count="4601" type="stmt"/>
      <line num="32" count="4601" type="stmt"/>
      <line num="35" count="4601" type="stmt"/>
      <line num="36" count="4601" type="stmt"/>
      <line num="37" count="4601" type="stmt"/>
      <line num="40" count="145" type="stmt"/>
      <line num="41" count="145" type="stmt"/>
      <line num="42" count="145" type="stmt"/>
      <line num="43" count="145" type="stmt"/>
      <line num="44" count="145" type="stmt"/>
    </file>
    <file name="bitOperation.js" path="/Users/brianmcfadden/Dev/GitHub/cosc520-project/assets/js/bitOperation.js">
      <metrics statements="17" coveredstatements="17" conditionals="4" coveredconditionals="4" methods="3" coveredmethods="3"/>
      <line num="12" count="13" type="stmt"/>
      <line num="13" count="13" type="stmt"/>
      <line num="14" count="13" type="stmt"/>
      <line num="15" count="13" type="stmt"/>
      <line num="16" count="13" type="stmt"/>
      <line num="17" count="13" type="stmt"/>
      <line num="18" count="13" type="cond" truecount="2" falsecount="0"/>
      <line num="23" count="435" type="stmt"/>
      <line num="25" count="435" type="stmt"/>
      <line num="26" count="1680" type="stmt"/>
      <line num="28" count="1680" type="cond" truecount="2" falsecount="0"/>
      <line num="29" count="840" type="stmt"/>
      <line num="33" count="435" type="stmt"/>
      <line num="38" count="39" type="stmt"/>
      <line num="40" count="39" type="stmt"/>
      <line num="41" count="120" type="stmt"/>
      <line num="44" count="39" type="stmt"/>
    </file>
    <file name="fft.js" path="/Users/brianmcfadden/Dev/GitHub/cosc520-project/assets/js/fft.js">
      <metrics statements="33" coveredstatements="33" conditionals="11" coveredconditionals="11" methods="4" coveredmethods="4"/>
      <line num="40" count="13" type="stmt"/>
      <line num="43" count="13" type="cond" truecount="2" falsecount="0"/>
      <line num="45" count="13" type="stmt"/>
      <line num="46" count="13" type="stmt"/>
      <line num="49" count="13" type="stmt"/>
      <line num="50" count="145" type="cond" truecount="2" falsecount="0"/>
      <line num="51" count="145" type="cond" truecount="2" falsecount="0"/>
      <line num="55" count="13" type="stmt"/>
      <line num="56" count="13" type="stmt"/>
      <line num="59" count="145" type="stmt"/>
      <line num="62" count="13" type="stmt"/>
      <line num="65" count="145" type="stmt"/>
      <line num="72" count="39" type="stmt"/>
      <line num="73" count="39" type="stmt"/>
      <line num="76" count="39" type="stmt"/>
      <line num="77" count="39" type="stmt"/>
      <line num="78" count="435" type="stmt"/>
      <line num="82" count="39" type="stmt"/>
      <line num="84" count="120" type="cond" truecount="2" falsecount="0"/>
      <line num="85" count="120" type="stmt"/>
      <line num="90" count="120" type="stmt"/>
      <line num="91" count="396" type="stmt"/>
      <line num="94" count="396" type="stmt"/>
      <line num="95" count="840" type="stmt"/>
      <line num="97" count="840" type="stmt"/>
      <line num="98" count="840" type="stmt"/>
      <line num="100" count="840" type="stmt"/>
      <line num="101" count="840" type="stmt"/>
      <line num="103" count="840" type="stmt"/>
      <line num="109" count="39" type="cond" truecount="2" falsecount="0"/>
      <line num="110" count="13" type="stmt"/>
      <line num="111" count="145" type="stmt"/>
      <line num="115" count="39" type="stmt"/>
    </file>
    <file name="naive.js" path="/Users/brianmcfadden/Dev/GitHub/cosc520-project/assets/js/naive.js">
      <metrics statements="7" coveredstatements="7" conditionals="0" coveredconditionals="0" methods="1" coveredmethods="1"/>
      <line num="22" count="13" type="stmt"/>
      <line num="23" count="13" type="stmt"/>
      <line num="24" count="13" type="stmt"/>
      <line num="31" count="74" type="stmt"/>
      <line num="36" count="13" type="stmt"/>
      <line num="37" count="136" type="stmt"/>
      <line num="40" count="13" type="stmt"/>
    </file>
  </project>
</coverage>
