{"/Users/brianmcfadden/Dev/GitHub/cosc520-project/assets/js/ComplexNumber.js": {"path":"/Users/brianmcfadden/Dev/GitHub/cosc520-project/assets/js/ComplexNumber.js","statementMap":{"0":{"start":{"line":31,"column":4},"end":{"line":31,"column":17}},"1":{"start":{"line":32,"column":4},"end":{"line":32,"column":17}},"2":{"start":{"line":35,"column":8},"end":{"line":35,"column":74}},"3":{"start":{"line":35,"column":15},"end":{"line":35,"column":74}},"4":{"start":{"line":36,"column":13},"end":{"line":36,"column":79}},"5":{"start":{"line":36,"column":20},"end":{"line":36,"column":79}},"6":{"start":{"line":37,"column":13},"end":{"line":37,"column":112}},"7":{"start":{"line":37,"column":20},"end":{"line":37,"column":112}},"8":{"start":{"line":40,"column":12},"end":{"line":40,"column":19}},"9":{"start":{"line":41,"column":12},"end":{"line":41,"column":19}},"10":{"start":{"line":42,"column":12},"end":{"line":42,"column":16}},"11":{"start":{"line":43,"column":12},"end":{"line":43,"column":16}},"12":{"start":{"line":44,"column":4},"end":{"line":47,"column":7}}},"fnMap":{"0":{"name":"(anonymous_0)","decl":{"start":{"line":30,"column":2},"end":{"line":30,"column":3}},"loc":{"start":{"line":30,"column":35},"end":{"line":33,"column":3}},"line":30},"1":{"name":"(anonymous_1)","decl":{"start":{"line":35,"column":8},"end":{"line":35,"column":9}},"loc":{"start":{"line":35,"column":15},"end":{"line":35,"column":74}},"line":35},"2":{"name":"(anonymous_2)","decl":{"start":{"line":36,"column":13},"end":{"line":36,"column":14}},"loc":{"start":{"line":36,"column":20},"end":{"line":36,"column":79}},"line":36},"3":{"name":"(anonymous_3)","decl":{"start":{"line":37,"column":13},"end":{"line":37,"column":14}},"loc":{"start":{"line":37,"column":20},"end":{"line":37,"column":112}},"line":37},"4":{"name":"(anonymous_4)","decl":{"start":{"line":39,"column":2},"end":{"line":39,"column":3}},"loc":{"start":{"line":39,"column":12},"end":{"line":48,"column":3}},"line":39}},"branchMap":{"0":{"loc":{"start":{"line":30,"column":17},"end":{"line":30,"column":23}},"type":"default-arg","locations":[{"start":{"line":30,"column":22},"end":{"line":30,"column":23}}],"line":30},"1":{"loc":{"start":{"line":30,"column":25},"end":{"line":30,"column":31}},"type":"default-arg","locations":[{"start":{"line":30,"column":30},"end":{"line":30,"column":31}}],"line":30}},"s":{"0":4601,"1":4601,"2":4601,"3":840,"4":4601,"5":840,"6":4601,"7":1825,"8":145,"9":145,"10":145,"11":145,"12":145},"f":{"0":4601,"1":840,"2":840,"3":1825,"4":145},"b":{"0":[221],"1":[221]},"_coverageSchema":"1a1c01bbd47fc00a2c39e90264f33305004495a9","hash":"544ba0d16f98ab86199711ad63dd621f66f9b8b4"}
,"/Users/brianmcfadden/Dev/GitHub/cosc520-project/assets/js/bitOperation.js": {"path":"/Users/brianmcfadden/Dev/GitHub/cosc520-project/assets/js/bitOperation.js","statementMap":{"0":{"start":{"line":12,"column":13},"end":{"line":12,"column":21}},"1":{"start":{"line":13,"column":2},"end":{"line":13,"column":20}},"2":{"start":{"line":14,"column":2},"end":{"line":14,"column":20}},"3":{"start":{"line":15,"column":2},"end":{"line":15,"column":20}},"4":{"start":{"line":16,"column":2},"end":{"line":16,"column":20}},"5":{"start":{"line":17,"column":2},"end":{"line":17,"column":21}},"6":{"start":{"line":18,"column":2},"end":{"line":18,"column":35}},"7":{"start":{"line":23,"column":21},"end":{"line":23,"column":22}},"8":{"start":{"line":25,"column":2},"end":{"line":31,"column":3}},"9":{"start":{"line":25,"column":22},"end":{"line":25,"column":23}},"10":{"start":{"line":26,"column":4},"end":{"line":26,"column":22}},"11":{"start":{"line":28,"column":4},"end":{"line":30,"column":5}},"12":{"start":{"line":29,"column":6},"end":{"line":29,"column":24}},"13":{"start":{"line":33,"column":2},"end":{"line":33,"column":22}},"14":{"start":{"line":38,"column":22},"end":{"line":38,"column":23}},"15":{"start":{"line":40,"column":4},"end":{"line":42,"column":5}},"16":{"start":{"line":41,"column":6},"end":{"line":41,"column":23}},"17":{"start":{"line":44,"column":4},"end":{"line":44,"column":23}}},"fnMap":{"0":{"name":"findSizeof2","decl":{"start":{"line":11,"column":16},"end":{"line":11,"column":27}},"loc":{"start":{"line":11,"column":34},"end":{"line":19,"column":1}},"line":11},"1":{"name":"reverseBits","decl":{"start":{"line":22,"column":16},"end":{"line":22,"column":27}},"loc":{"start":{"line":22,"column":46},"end":{"line":34,"column":1}},"line":22},"2":{"name":"bitLength","decl":{"start":{"line":37,"column":16},"end":{"line":37,"column":25}},"loc":{"start":{"line":37,"column":34},"end":{"line":45,"column":3}},"line":37}},"branchMap":{"0":{"loc":{"start":{"line":18,"column":9},"end":{"line":18,"column":34}},"type":"cond-expr","locations":[{"start":{"line":18,"column":22},"end":{"line":18,"column":23}},{"start":{"line":18,"column":26},"end":{"line":18,"column":34}}],"line":18},"1":{"loc":{"start":{"line":28,"column":4},"end":{"line":30,"column":5}},"type":"if","locations":[{"start":{"line":28,"column":4},"end":{"line":30,"column":5}},{"start":{},"end":{}}],"line":28}},"s":{"0":13,"1":13,"2":13,"3":13,"4":13,"5":13,"6":13,"7":435,"8":435,"9":435,"10":1680,"11":1680,"12":840,"13":435,"14":39,"15":39,"16":120,"17":39},"f":{"0":13,"1":435,"2":39},"b":{"0":[1,12],"1":[840,840]},"_coverageSchema":"1a1c01bbd47fc00a2c39e90264f33305004495a9","hash":"bfa5f52128b76d4b5429bbd877e50e0ff9c6d221"}
,"/Users/brianmcfadden/Dev/GitHub/cosc520-project/assets/js/fft.js": {"path":"/Users/brianmcfadden/Dev/GitHub/cosc520-project/assets/js/fft.js","statementMap":{"0":{"start":{"line":40,"column":21},"end":{"line":40,"column":52}},"1":{"start":{"line":43,"column":10},"end":{"line":43,"column":105}},"2":{"start":{"line":45,"column":10},"end":{"line":45,"column":12}},"3":{"start":{"line":46,"column":10},"end":{"line":46,"column":12}},"4":{"start":{"line":49,"column":2},"end":{"line":52,"column":3}},"5":{"start":{"line":49,"column":14},"end":{"line":49,"column":15}},"6":{"start":{"line":50,"column":6},"end":{"line":50,"column":102}},"7":{"start":{"line":51,"column":6},"end":{"line":51,"column":102}},"8":{"start":{"line":55,"column":11},"end":{"line":55,"column":17}},"9":{"start":{"line":56,"column":11},"end":{"line":56,"column":17}},"10":{"start":{"line":59,"column":11},"end":{"line":59,"column":46}},"11":{"start":{"line":59,"column":28},"end":{"line":59,"column":45}},"12":{"start":{"line":62,"column":10},"end":{"line":62,"column":23}},"13":{"start":{"line":65,"column":2},"end":{"line":65,"column":60}},"14":{"start":{"line":65,"column":20},"end":{"line":65,"column":36}},"15":{"start":{"line":72,"column":16},"end":{"line":72,"column":47}},"16":{"start":{"line":73,"column":12},"end":{"line":73,"column":22}},"17":{"start":{"line":76,"column":17},"end":{"line":76,"column":19}},"18":{"start":{"line":77,"column":2},"end":{"line":79,"column":3}},"19":{"start":{"line":77,"column":29},"end":{"line":77,"column":30}},"20":{"start":{"line":78,"column":4},"end":{"line":78,"column":77}},"21":{"start":{"line":82,"column":2},"end":{"line":106,"column":3}},"22":{"start":{"line":82,"column":25},"end":{"line":82,"column":26}},"23":{"start":{"line":84,"column":26},"end":{"line":84,"column":42}},"24":{"start":{"line":85,"column":22},"end":{"line":88,"column":6}},"25":{"start":{"line":90,"column":4},"end":{"line":105,"column":5}},"26":{"start":{"line":90,"column":26},"end":{"line":90,"column":27}},"27":{"start":{"line":91,"column":18},"end":{"line":91,"column":53}},"28":{"start":{"line":94,"column":6},"end":{"line":104,"column":7}},"29":{"start":{"line":94,"column":20},"end":{"line":94,"column":30}},"30":{"start":{"line":95,"column":26},"end":{"line":95,"column":70}},"31":{"start":{"line":97,"column":21},"end":{"line":97,"column":46}},"32":{"start":{"line":98,"column":21},"end":{"line":98,"column":51}},"33":{"start":{"line":100,"column":8},"end":{"line":100,"column":26}},"34":{"start":{"line":101,"column":8},"end":{"line":101,"column":44}},"35":{"start":{"line":103,"column":8},"end":{"line":103,"column":42}},"36":{"start":{"line":109,"column":2},"end":{"line":113,"column":3}},"37":{"start":{"line":110,"column":4},"end":{"line":112,"column":5}},"38":{"start":{"line":110,"column":24},"end":{"line":110,"column":25}},"39":{"start":{"line":111,"column":6},"end":{"line":111,"column":86}},"40":{"start":{"line":115,"column":2},"end":{"line":115,"column":16}}},"fnMap":{"0":{"name":"multiply","decl":{"start":{"line":39,"column":16},"end":{"line":39,"column":24}},"loc":{"start":{"line":39,"column":42},"end":{"line":66,"column":1}},"line":39},"1":{"name":"(anonymous_1)","decl":{"start":{"line":59,"column":18},"end":{"line":59,"column":19}},"loc":{"start":{"line":59,"column":28},"end":{"line":59,"column":45}},"line":59},"2":{"name":"(anonymous_2)","decl":{"start":{"line":65,"column":15},"end":{"line":65,"column":16}},"loc":{"start":{"line":65,"column":20},"end":{"line":65,"column":36}},"line":65},"3":{"name":"FFT","decl":{"start":{"line":69,"column":9},"end":{"line":69,"column":12}},"loc":{"start":{"line":69,"column":41},"end":{"line":116,"column":1}},"line":69}},"branchMap":{"0":{"loc":{"start":{"line":43,"column":10},"end":{"line":43,"column":105}},"type":"cond-expr","locations":[{"start":{"line":43,"column":44},"end":{"line":43,"column":73}},{"start":{"line":43,"column":76},"end":{"line":43,"column":105}}],"line":43},"1":{"loc":{"start":{"line":50,"column":13},"end":{"line":50,"column":101}},"type":"cond-expr","locations":[{"start":{"line":50,"column":26},"end":{"line":50,"column":77}},{"start":{"line":50,"column":80},"end":{"line":50,"column":101}}],"line":50},"2":{"loc":{"start":{"line":51,"column":13},"end":{"line":51,"column":101}},"type":"cond-expr","locations":[{"start":{"line":51,"column":26},"end":{"line":51,"column":77}},{"start":{"line":51,"column":80},"end":{"line":51,"column":101}}],"line":51},"3":{"loc":{"start":{"line":69,"column":24},"end":{"line":69,"column":39}},"type":"default-arg","locations":[{"start":{"line":69,"column":34},"end":{"line":69,"column":39}}],"line":69},"4":{"loc":{"start":{"line":84,"column":26},"end":{"line":84,"column":42}},"type":"cond-expr","locations":[{"start":{"line":84,"column":36},"end":{"line":84,"column":38}},{"start":{"line":84,"column":41},"end":{"line":84,"column":42}}],"line":84},"5":{"loc":{"start":{"line":109,"column":2},"end":{"line":113,"column":3}},"type":"if","locations":[{"start":{"line":109,"column":2},"end":{"line":113,"column":3}},{"start":{},"end":{}}],"line":109}},"s":{"0":13,"1":13,"2":13,"3":13,"4":13,"5":13,"6":145,"7":145,"8":13,"9":13,"10":13,"11":145,"12":13,"13":13,"14":145,"15":39,"16":39,"17":39,"18":39,"19":39,"20":435,"21":39,"22":39,"23":120,"24":120,"25":120,"26":120,"27":396,"28":396,"29":396,"30":840,"31":840,"32":840,"33":840,"34":840,"35":840,"36":39,"37":13,"38":13,"39":145,"40":39},"f":{"0":13,"1":145,"2":145,"3":39},"b":{"0":[9,4],"1":[34,111],"2":[35,110],"3":[26],"4":[40,80],"5":[13,26]},"_coverageSchema":"1a1c01bbd47fc00a2c39e90264f33305004495a9","hash":"77f478efb996e65a94704a0f21916c2a65a6eeec"}
,"/Users/brianmcfadden/Dev/GitHub/cosc520-project/assets/js/naive.js": {"path":"/Users/brianmcfadden/Dev/GitHub/cosc520-project/assets/js/naive.js","statementMap":{"0":{"start":{"line":22,"column":10},"end":{"line":22,"column":24}},"1":{"start":{"line":23,"column":10},"end":{"line":23,"column":24}},"2":{"start":{"line":24,"column":13},"end":{"line":24,"column":15}},"3":{"start":{"line":31,"column":2},"end":{"line":31,"column":50}},"4":{"start":{"line":31,"column":15},"end":{"line":31,"column":16}},"5":{"start":{"line":31,"column":38},"end":{"line":31,"column":50}},"6":{"start":{"line":36,"column":2},"end":{"line":38,"column":3}},"7":{"start":{"line":36,"column":15},"end":{"line":36,"column":16}},"8":{"start":{"line":37,"column":4},"end":{"line":37,"column":71}},"9":{"start":{"line":37,"column":17},"end":{"line":37,"column":18}},"10":{"start":{"line":37,"column":32},"end":{"line":37,"column":71}},"11":{"start":{"line":40,"column":2},"end":{"line":40,"column":14}}},"fnMap":{"0":{"name":"multiply","decl":{"start":{"line":21,"column":16},"end":{"line":21,"column":24}},"loc":{"start":{"line":21,"column":43},"end":{"line":41,"column":1}},"line":21}},"branchMap":{},"s":{"0":13,"1":13,"2":13,"3":13,"4":13,"5":74,"6":13,"7":13,"8":47,"9":47,"10":136,"11":13},"f":{"0":13},"b":{},"_coverageSchema":"1a1c01bbd47fc00a2c39e90264f33305004495a9","hash":"67934345b06d28b90e160db7f6f9d681218df910"}
}
