TN:
SF:assets/js/ComplexNumber.js
FN:30,(anonymous_0)
FN:35,(anonymous_1)
FN:36,(anonymous_2)
FN:37,(anonymous_3)
FN:39,(anonymous_4)
FNF:5
FNH:5
FNDA:4601,(anonymous_0)
FNDA:840,(anonymous_1)
FNDA:840,(anonymous_2)
FNDA:1825,(anonymous_3)
FNDA:145,(anonymous_4)
DA:31,4601
DA:32,4601
DA:35,4601
DA:36,4601
DA:37,4601
DA:40,145
DA:41,145
DA:42,145
DA:43,145
DA:44,145
LF:10
LH:10
BRDA:30,0,0,221
BRDA:30,1,0,221
BRF:2
BRH:2
end_of_record
TN:
SF:assets/js/bitOperation.js
FN:11,findSizeof2
FN:22,reverseBits
FN:37,bitLength
FNF:3
FNH:3
FNDA:13,findSizeof2
FNDA:435,reverseBits
FNDA:39,bitLength
DA:12,13
DA:13,13
DA:14,13
DA:15,13
DA:16,13
DA:17,13
DA:18,13
DA:23,435
DA:25,435
DA:26,1680
DA:28,1680
DA:29,840
DA:33,435
DA:38,39
DA:40,39
DA:41,120
DA:44,39
LF:17
LH:17
BRDA:18,0,0,1
BRDA:18,0,1,12
BRDA:28,1,0,840
BRDA:28,1,1,840
BRF:4
BRH:4
end_of_record
TN:
SF:assets/js/fft.js
FN:39,multiply
FN:59,(anonymous_1)
FN:65,(anonymous_2)
FN:69,FFT
FNF:4
FNH:4
FNDA:13,multiply
FNDA:145,(anonymous_1)
FNDA:145,(anonymous_2)
FNDA:39,FFT
DA:40,13
DA:43,13
DA:45,13
DA:46,13
DA:49,13
DA:50,145
DA:51,145
DA:55,13
DA:56,13
DA:59,145
DA:62,13
DA:65,145
DA:72,39
DA:73,39
DA:76,39
DA:77,39
DA:78,435
DA:82,39
DA:84,120
DA:85,120
DA:90,120
DA:91,396
DA:94,396
DA:95,840
DA:97,840
DA:98,840
DA:100,840
DA:101,840
DA:103,840
DA:109,39
DA:110,13
DA:111,145
DA:115,39
LF:33
LH:33
BRDA:43,0,0,9
BRDA:43,0,1,4
BRDA:50,1,0,34
BRDA:50,1,1,111
BRDA:51,2,0,35
BRDA:51,2,1,110
BRDA:69,3,0,26
BRDA:84,4,0,40
BRDA:84,4,1,80
BRDA:109,5,0,13
BRDA:109,5,1,26
BRF:11
BRH:11
end_of_record
TN:
SF:assets/js/naive.js
FN:21,multiply
FNF:1
FNH:1
FNDA:13,multiply
DA:22,13
DA:23,13
DA:24,13
DA:31,74
DA:36,13
DA:37,136
DA:40,13
LF:7
LH:7
BRF:0
BRH:0
end_of_record
